<?xml version="1.0" encoding="UTF-8"?>
<testsuite xmlns:xsi="http://www.w3.org/2001/XMLSchema-instance" xsi:noNamespaceSchemaLocation="https://maven.apache.org/surefire/maven-surefire-plugin/xsd/surefire-test-report-3.0.xsd" version="3.0" name="ar.edu.uade.tpoapi.TpoApiApplicationTests" time="12.463" tests="1" errors="0" skipped="0" failures="0">
  <properties>
[...]
</properties>
  <testcase name="contextLoads" classname="ar.edu.uade.tpoapi.TpoApiApplicationTests" time="0.601">
    <system-out><![CDATA[12:06:35.644 [main] INFO org.springframework.test.context.support.AnnotationConfigContextLoaderUtils -- Could not detect default configuration classes for test class [ar.edu.uade.tpoapi.TpoApiApplicationTests]: TpoApiApplicationTests does not declare any static, non-private, non-final, nested classes annotated with @Configuration.
12:06:35.810 [main] INFO org.springframework.boot.test.context.SpringBootTestContextBootstrapper -- Found @SpringBootConfiguration ar.edu.uade.tpoapi.Sir for test class ar.edu.uade.tpoapi.TpoApiApplicationTests
          _____                    _____                    _____          
         /\    \                  /\    \                  /\    \         
        /::\    \                /::\    \                /::\    \        
       /::::\    \               \:::\    \              /::::\    \       
      /::::::\    \               \:::\    \            /::::::\    \      
     /:::/\:::\    \               \:::\    \          /:::/\:::\    \     
    /:::/__\:::\    \               \:::\    \        /:::/__\:::\    \    
    \:::\   \:::\    \              /::::\    \      /::::\   \:::\    \   
  ___\:::\   \:::\    \    ____    /::::::\    \    /::::::\   \:::\    \  
 /\   \:::\   \:::\    \  /\   \  /:::/\:::\    \  /:::/\:::\   \:::\____\ 
/::\   \:::\   \:::\____\/::\   \/:::/  \:::\____\/:::/  \:::\   \:::|    |
\:::\   \:::\   \::/    /\:::\  /:::/    \::/    /\::/   |::::\  /:::|____|
 \:::\   \:::\   \/____/  \:::\/:::/    / \/____/  \/____|:::::\/:::/    / 
  \:::\   \:::\    \       \::::::/    /                 |:::::::::/    /  
   \:::\   \:::\____\       \::::/____/                  |::|\::::/    /   
    \:::\  /:::/    /        \:::\    \                  |::| \::/____/    
     \:::\/:::/    /          \:::\    \                 |::|  ~|          
      \::::::/    /            \:::\    \                |::|   |          
       \::::/    /              \:::\____\               \::|   |          
        \::/    /                \::/    /                \:|   |          
         \/____/                  \/____/                  \|___|          
2023-10-29T12:06:36.436-03:00  INFO 13840 --- [           main] a.e.uade.tpoapi.TpoApiApplicationTests   : Starting TpoApiApplicationTests using Java 20.0.2 with PID 13840 (started by aroma in c:\Carlos\Facultad\API\SIR)
2023-10-29T12:06:36.444-03:00  INFO 13840 --- [           main] a.e.uade.tpoapi.TpoApiApplicationTests   : No active profile set, falling back to 1 default profile: "default"
2023-10-29T12:06:38.206-03:00  INFO 13840 --- [           main] .s.d.r.c.RepositoryConfigurationDelegate : Bootstrapping Spring Data JPA repositories in DEFAULT mode.
2023-10-29T12:06:38.349-03:00  INFO 13840 --- [           main] .s.d.r.c.RepositoryConfigurationDelegate : Finished Spring Data repository scanning in 123 ms. Found 5 JPA repository interfaces.
2023-10-29T12:06:39.420-03:00  INFO 13840 --- [           main] com.zaxxer.hikari.HikariDataSource       : HikariPool-1 - Starting...
2023-10-29T12:06:41.418-03:00  INFO 13840 --- [           main] com.zaxxer.hikari.pool.HikariPool        : HikariPool-1 - Added connection ConnectionID:1 ClientConnectionId: f39e83fa-e8d0-4575-9bba-2a83b9576562
2023-10-29T12:06:41.427-03:00  INFO 13840 --- [           main] com.zaxxer.hikari.HikariDataSource       : HikariPool-1 - Start completed.
2023-10-29T12:06:41.578-03:00  INFO 13840 --- [           main] o.hibernate.jpa.internal.util.LogHelper  : HHH000204: Processing PersistenceUnitInfo [name: default]
2023-10-29T12:06:41.713-03:00  INFO 13840 --- [           main] org.hibernate.Version                    : HHH000412: Hibernate ORM core version 6.2.6.Final
2023-10-29T12:06:41.722-03:00  INFO 13840 --- [           main] org.hibernate.cfg.Environment            : HHH000406: Using bytecode reflection optimizer
2023-10-29T12:06:41.994-03:00  INFO 13840 --- [           main] o.h.b.i.BytecodeProviderInitiator        : HHH000021: Bytecode provider name : bytebuddy
2023-10-29T12:06:42.310-03:00  INFO 13840 --- [           main] o.s.o.j.p.SpringPersistenceUnitInfo      : No LoadTimeWeaver setup: ignoring JPA class transformer
2023-10-29T12:06:42.995-03:00  INFO 13840 --- [           main] o.h.b.i.BytecodeProviderInitiator        : HHH000021: Bytecode provider name : bytebuddy
2023-10-29T12:06:44.054-03:00  INFO 13840 --- [           main] o.h.e.t.j.p.i.JtaPlatformInitiator       : HHH000490: Using JtaPlatform implementation: [org.hibernate.engine.transaction.jta.platform.internal.NoJtaPlatform]
2023-10-29T12:06:44.054-03:00  INFO 13840 --- [           main] j.LocalContainerEntityManagerFactoryBean : Initialized JPA EntityManagerFactory for persistence unit 'default'
2023-10-29T12:06:45.270-03:00  WARN 13840 --- [           main] JpaBaseConfiguration$JpaWebConfiguration : spring.jpa.open-in-view is enabled by default. Therefore, database queries may be performed during view rendering. Explicitly configure spring.jpa.open-in-view to disable this warning
2023-10-29T12:06:45.675-03:00  INFO 13840 --- [           main] o.s.s.web.DefaultSecurityFilterChain     : Will secure any request with [org.springframework.security.web.session.DisableEncodeUrlFilter@14a5d7ee, org.springframework.security.web.context.request.async.WebAsyncManagerIntegrationFilter@4778c085, org.springframework.security.web.context.SecurityContextHolderFilter@65528bcf, org.springframework.security.web.header.HeaderWriterFilter@209f0986, org.springframework.security.web.authentication.logout.LogoutFilter@3ad80206, ar.edu.uade.tpoapi.security.filters.JwtAuthorizationFilter@620e0d36, ar.edu.uade.tpoapi.security.filters.JwtAuthenticationFilter@76929266, org.springframework.security.web.savedrequest.RequestCacheAwareFilter@ee7a538, org.springframework.security.web.servletapi.SecurityContextHolderAwareRequestFilter@7c045627, org.springframework.security.web.authentication.AnonymousAuthenticationFilter@20331c8e, org.springframework.security.web.session.SessionManagementFilter@3c3a767, org.springframework.security.web.access.ExceptionTranslationFilter@7a0eb939, org.springframework.security.web.access.intercept.AuthorizationFilter@5ad13be4]
2023-10-29T12:06:46.936-03:00  INFO 13840 --- [           main] o.s.b.a.e.web.EndpointLinksResolver      : Exposing 1 endpoint(s) beneath base path '/actuator'
2023-10-29T12:06:47.058-03:00  INFO 13840 --- [           main] a.e.uade.tpoapi.TpoApiApplicationTests   : Started TpoApiApplicationTests in 11.041 seconds (process running for 12.799)
]]></system-out>
  </testcase>
</testsuite>